[2025-11-30 12:24:13] SYSTEM BOOT — door locked
[2025-11-30 12:24:44] DOOR UNLOCKED (password correct)
[2025-11-30 12:25:14] DOOR LOCKED
[2025-11-30 12:25:14] AUTO-LOCK ACTIVATED (timer expired)
[2025-11-30 12:25:18] DOOR UNLOCKED (password correct)
[2025-11-30 12:25:21] DOOR LOCKED
[2025-11-30 12:25:26] DOOR LOCKED
[2025-11-30 12:25:29] DOOR UNLOCKED (password correct)
[2025-11-30 12:25:48] DOOR LOCKED
[2025-11-30 12:25:49] AUTO-LOCK ACTIVATED (timer expired)
[2025-11-30 12:26:58] PASSWORD CHANGED SUCCESSFULLY
[2025-11-30 12:27:09] WRONG PASSWORD ATTEMPT (1/3)
[2025-11-30 12:27:18] DOOR UNLOCKED (password correct)
[2025-11-30 12:27:48] DOOR LOCKED
[2025-11-30 12:27:48] AUTO-LOCK ACTIVATED (timer expired)
[2025-11-30 13:01:52] SYSTEM BOOT — door locked
[2025-11-30 13:02:58] DOOR UNLOCKED (password correct)
[2025-11-30 13:03:02] DOOR LOCKED
[2025-11-30 13:03:14] DOOR LOCKED
[2025-11-30 13:03:17] DOOR LOCKED
[2025-11-30 13:03:21] DOOR UNLOCKED (password correct)
[2025-11-30 13:03:52] DOOR LOCKED
[2025-11-30 13:03:52] AUTO-LOCK ACTIVATED (timer expired)
[2025-11-30 13:03:56] DOOR UNLOCKED (password correct)
[2025-11-30 13:03:58] DOOR LOCKED
[2025-11-30 13:04:00] DOOR LOCKED
[2025-11-30 13:04:05] DOOR UNLOCKED (password correct)
[2025-11-30 13:04:35] DOOR LOCKED
[2025-11-30 13:04:35] AUTO-LOCK ACTIVATED (timer expired)
[2025-11-30 13:05:05] PASSWORD CHANGED SUCCESSFULLY
[2025-11-30 13:05:12] WRONG PASSWORD ATTEMPT (1/3)
[2025-11-30 13:05:13] WRONG PASSWORD ATTEMPT (2/3)
[2025-11-30 13:05:14] WRONG PASSWORD ATTEMPT (3/3)
[2025-11-30 13:05:14] ALARM TRIGGERED — too many wrong attempts
[2025-11-30 13:05:20] DOOR LOCKED
[2025-11-30 13:05:32] DOOR UNLOCKED (password correct)
[2025-11-30 13:06:03] DOOR LOCKED
[2025-11-30 13:06:03] AUTO-LOCK ACTIVATED (timer expired)
[2025-11-30 13:06:44] DOOR UNLOCKED (password correct)
[2025-11-30 13:07:15] DOOR LOCKED
[2025-11-30 13:07:15] AUTO-LOCK ACTIVATED (timer expired)
[2025-11-30 13:28:15] SYSTEM BOOT — door locked
[2025-11-30 13:28:26] DOOR UNLOCKED (password correct)
[2025-11-30 13:28:57] DOOR LOCKED
[2025-11-30 13:28:57] AUTO-LOCK ACTIVATED (timer expired)
[2025-11-30 13:29:02] DOOR UNLOCKED (password correct)
[2025-11-30 13:29:04] DOOR LOCKED
[2025-11-30 13:29:09] DOOR UNLOCKED (password correct)
[2025-11-30 13:29:39] DOOR LOCKED
[2025-11-30 13:29:40] AUTO-LOCK ACTIVATED (timer expired)
[2025-11-30 13:31:42] PASSWORD CHANGED SUCCESSFULLY
[2025-11-30 13:31:55] DOOR UNLOCKED (password correct)
[2025-11-30 13:32:12] DOOR LOCKED
[2025-11-30 13:32:13] DOOR UNLOCKED (password correct)
[2025-11-30 13:32:43] DOOR LOCKED
[2025-11-30 13:32:44] AUTO-LOCK ACTIVATED (timer expired)
[2025-11-30 13:32:53] WRONG PASSWORD ATTEMPT (1/3)
[2025-11-30 13:32:56] WRONG PASSWORD ATTEMPT (2/3)
[2025-11-30 13:32:59] WRONG PASSWORD ATTEMPT (3/3)
[2025-11-30 13:32:59] ALARM TRIGGERED — too many wrong attempts
[2025-11-30 13:33:05] DOOR LOCKED
[2025-11-30 13:33:08] WRONG PASSWORD ATTEMPT (1/3)
[2025-11-30 13:33:13] WRONG PASSWORD ATTEMPT (2/3)
[2025-11-30 13:33:15] WRONG PASSWORD ATTEMPT (3/3)
[2025-11-30 13:33:15] ALARM TRIGGERED — too many wrong attempts
[2025-11-30 13:33:21] DOOR LOCKED
[2025-11-30 15:33:43] SYSTEM BOOT — door locked
[2025-11-30 15:34:04] DOOR UNLOCKED (password correct)
[2025-11-30 15:34:10] DOOR LOCKED
[2025-11-30 15:34:26] DOOR UNLOCKED (password correct)
[2025-11-30 15:34:33] DOOR LOCKED
[2025-11-30 15:34:57] DOOR LOCKED
[2025-11-30 15:34:57] AUTO-LOCK ACTIVATED (timer expired)
[2025-11-30 15:35:05] PASSWORD CHANGED SUCCESSFULLY
[2025-11-30 15:35:13] DOOR LOCKED
[2025-11-30 15:35:14] DOOR LOCKED
[2025-11-30 15:35:15] DOOR LOCKED
[2025-11-30 15:35:18] WRONG PASSWORD ATTEMPT (1/3)
[2025-11-30 15:35:21] WRONG PASSWORD ATTEMPT (2/3)
[2025-11-30 15:35:24] WRONG PASSWORD ATTEMPT (3/3)
[2025-11-30 15:35:24] ALARM TRIGGERED — too many wrong attempts
[2025-11-30 15:35:30] DOOR LOCKED
[2025-11-30 15:36:13] DOOR UNLOCKED (password correct)
[2025-11-30 15:36:23] DOOR LOCKED
[2025-11-30 15:36:25] DOOR UNLOCKED (password correct)
[2025-11-30 15:36:27] DOOR LOCKED
[2025-11-30 15:36:33] DOOR UNLOCKED (password correct)
[2025-11-30 15:36:38] WRONG PASSWORD ATTEMPT (1/3)
[2025-11-30 15:36:41] WRONG PASSWORD ATTEMPT (2/3)
[2025-11-30 15:36:44] WRONG PASSWORD ATTEMPT (3/3)
[2025-11-30 15:36:44] ALARM TRIGGERED — too many wrong attempts
[2025-11-30 15:36:50] DOOR LOCKED
[2025-11-30 15:37:03] DOOR LOCKED
[2025-11-30 15:37:03] AUTO-LOCK ACTIVATED (timer expired)
[2025-11-30 15:42:35] WRONG PASSWORD ATTEMPT (1/3)
[2025-11-30 15:42:38] WRONG PASSWORD ATTEMPT (2/3)
[2025-11-30 15:42:41] WRONG PASSWORD ATTEMPT (3/3)
[2025-11-30 15:42:41] ALARM TRIGGERED — too many wrong attempts
[2025-11-30 15:42:47] DOOR LOCKED
[2025-11-30 15:47:59] WRONG PASSWORD ATTEMPT (1/3)
[2025-11-30 15:48:07] DOOR UNLOCKED (password correct)
[2025-11-30 15:48:09] DOOR UNLOCKED (password correct)
[2025-11-30 15:48:14] DOOR LOCKED
[2025-11-30 15:48:15] DOOR UNLOCKED (password correct)
[2025-11-30 15:48:46] DOOR LOCKED
[2025-11-30 15:48:46] AUTO-LOCK ACTIVATED (timer expired)
[2025-11-30 15:49:02] WRONG PASSWORD ATTEMPT (1/3)
[2025-11-30 15:49:18] DOOR UNLOCKED (password correct)
[2025-11-30 15:49:23] DOOR LOCKED
[2025-11-30 15:49:29] DOOR UNLOCKED (password correct)
[2025-11-30 15:49:32] DOOR LOCKED
[2025-11-30 15:49:37] DOOR UNLOCKED (password correct)
[2025-11-30 15:49:45] WRONG PASSWORD ATTEMPT (1/3)
[2025-11-30 15:50:07] DOOR LOCKED
[2025-11-30 15:50:08] AUTO-LOCK ACTIVATED (timer expired)
[2025-11-30 15:52:24] DOOR UNLOCKED (password correct)
[2025-11-30 15:52:34] DOOR LOCKED
[2025-11-30 15:52:37] DOOR UNLOCKED (password correct)
[2025-11-30 15:52:41] DOOR LOCKED
[2025-11-30 15:53:07] DOOR LOCKED
[2025-11-30 15:53:08] AUTO-LOCK ACTIVATED (timer expired)
[2025-11-30 15:55:04] WRONG PASSWORD ATTEMPT (1/3)
[2025-11-30 15:55:09] WRONG PASSWORD ATTEMPT (2/3)
[2025-11-30 15:55:11] WRONG PASSWORD ATTEMPT (3/3)
[2025-11-30 15:55:11] ALARM TRIGGERED — too many wrong attempts
[2025-11-30 15:55:17] DOOR LOCKED
[2025-11-30 15:57:20] DOOR UNLOCKED (password correct)
[2025-11-30 15:57:23] DOOR LOCKED
[2025-11-30 15:57:25] DOOR UNLOCKED (password correct)
[2025-11-30 15:57:26] DOOR LOCKED
[2025-11-30 15:57:26] DOOR UNLOCKED (password correct)
[2025-11-30 15:57:27] DOOR LOCKED
[2025-11-30 15:57:28] DOOR UNLOCKED (password correct)
[2025-11-30 15:57:28] DOOR LOCKED
[2025-11-30 15:57:29] DOOR UNLOCKED (password correct)
[2025-11-30 15:57:29] DOOR LOCKED
[2025-11-30 15:57:42] DOOR UNLOCKED (password correct)
[2025-11-30 15:57:47] DOOR LOCKED
[2025-11-30 15:58:13] DOOR LOCKED
[2025-11-30 15:58:13] AUTO-LOCK ACTIVATED (timer expired)
[2025-11-30 15:58:20] DOOR UNLOCKED (password correct)
[2025-11-30 15:58:30] DOOR LOCKED
[2025-11-30 15:58:40] DOOR UNLOCKED (password correct)
[2025-11-30 15:59:02] DOOR LOCKED
[2025-11-30 15:59:05] DOOR UNLOCKED (password correct)
[2025-11-30 15:59:36] DOOR LOCKED
[2025-11-30 15:59:36] AUTO-LOCK ACTIVATED (timer expired)
[2025-11-30 16:00:00] DOOR UNLOCKED (password correct)
[2025-11-30 16:00:06] DOOR LOCKED
[2025-11-30 16:00:30] DOOR LOCKED
[2025-11-30 16:00:31] AUTO-LOCK ACTIVATED (timer expired)
[2025-11-30 16:07:02] DOOR UNLOCKED (password correct)
[2025-11-30 16:07:02] DOOR UNLOCKED (password correct)
[2025-11-30 16:07:33] DOOR LOCKED
[2025-11-30 16:07:33] AUTO-LOCK ACTIVATED (timer expired)
[2025-11-30 16:15:06] DOOR UNLOCKED (password correct)
[2025-11-30 16:15:28] SYSTEM BOOT — door locked
[2025-11-30 16:15:42] DOOR UNLOCKED (password correct)
[2025-11-30 16:15:49] DOOR LOCKED
[2025-11-30 16:15:52] DOOR UNLOCKED (password correct)
[2025-11-30 16:15:53] DOOR LOCKED
[2025-11-30 16:15:54] DOOR UNLOCKED (password correct)
[2025-11-30 16:16:13] DOOR LOCKED
[2025-11-30 16:16:25] DOOR LOCKED
[2025-11-30 16:16:25] AUTO-LOCK ACTIVATED (timer expired)
[2025-11-30 16:16:34] DOOR UNLOCKED (password correct)
[2025-11-30 16:16:40] DOOR LOCKED
[2025-11-30 16:17:04] DOOR LOCKED
[2025-11-30 16:17:05] AUTO-LOCK ACTIVATED (timer expired)
[2025-11-30 16:21:23] DOOR UNLOCKED (password correct)
[2025-11-30 16:21:54] DOOR LOCKED
[2025-11-30 16:21:54] AUTO-LOCK ACTIVATED (timer expired)
[2025-11-30 16:25:57] DOOR UNLOCKED (password correct)
[2025-11-30 16:26:27] DOOR LOCKED
[2025-11-30 16:26:28] AUTO-LOCK ACTIVATED (timer expired)
[2025-11-30 16:26:39] DOOR UNLOCKED (password correct)
[2025-11-30 16:26:42] DOOR LOCKED
[2025-11-30 23:00:56] SYSTEM BOOT — door locked
[2025-11-30 23:02:50] DOOR UNLOCKED (password correct)
[2025-11-30 23:03:20] DOOR LOCKED
[2025-11-30 23:03:21] AUTO-LOCK ACTIVATED (timer expired)
[2025-11-30 23:03:47] PASSWORD CHANGED SUCCESSFULLY
[2025-11-30 23:04:02] DOOR UNLOCKED (password correct)
[2025-11-30 23:04:09] DOOR LOCKED
[2025-11-30 23:04:12] WRONG PASSWORD ATTEMPT (1/3)
[2025-11-30 23:04:18] WRONG PASSWORD ATTEMPT (2/3)
[2025-11-30 23:04:22] WRONG PASSWORD ATTEMPT (3/3)
[2025-11-30 23:04:22] ALARM TRIGGERED — too many wrong attempts
[2025-11-30 23:04:28] DOOR LOCKED
[2025-11-30 23:04:33] DOOR LOCKED
[2025-11-30 23:04:33] AUTO-LOCK ACTIVATED (timer expired)
[2025-11-30 23:15:27] SYSTEM BOOT — door locked
[2025-11-30 23:15:44] DOOR UNLOCKED (password correct)
[2025-11-30 23:16:15] DOOR LOCKED
[2025-11-30 23:16:15] AUTO-LOCK ACTIVATED (timer expired)
[2025-11-30 23:16:37] WRONG PASSWORD ATTEMPT (1/3)
[2025-11-30 23:16:40] WRONG PASSWORD ATTEMPT (2/3)
[2025-11-30 23:16:44] WRONG PASSWORD ATTEMPT (3/3)
[2025-11-30 23:16:44] ALARM TRIGGERED — too many wrong attempts
[2025-11-30 23:16:50] DOOR LOCKED
[2025-11-30 23:17:03] DOOR UNLOCKED (password correct)
[2025-11-30 23:17:11] DOOR LOCKED
[2025-11-30 23:17:33] DOOR LOCKED
[2025-11-30 23:17:34] AUTO-LOCK ACTIVATED (timer expired)
[2025-12-01 08:56:31] SYSTEM BOOT — door locked
[2025-12-01 08:57:05] DOOR UNLOCKED (password correct)
[2025-12-01 08:57:36] DOOR LOCKED
[2025-12-01 08:57:36] AUTO-LOCK ACTIVATED (timer expired)
[2025-12-01 08:57:46] DOOR LOCKED
[2025-12-01 08:57:50] DOOR UNLOCKED (password correct)
[2025-12-01 08:57:52] DOOR LOCKED
[2025-12-01 08:58:15] WRONG PASSWORD ATTEMPT (1/3)
[2025-12-01 08:58:20] DOOR LOCKED
[2025-12-01 08:58:20] AUTO-LOCK ACTIVATED (timer expired)
[2025-12-01 08:58:24] WRONG PASSWORD ATTEMPT (2/3)
[2025-12-01 08:58:27] WRONG PASSWORD ATTEMPT (3/3)
[2025-12-01 08:58:27] ALARM TRIGGERED — too many wrong attempts
[2025-12-01 08:58:33] DOOR LOCKED
[2025-12-01 09:05:10] WRONG PASSWORD ATTEMPT (1/3)
[2025-12-01 09:05:31] PASSWORD CHANGED SUCCESSFULLY
[2025-12-01 09:05:43] FAILED PASSWORD CHANGE (wrong current password)
[2025-12-01 09:05:55] DOOR UNLOCKED (password correct)
[2025-12-01 09:05:56] DOOR LOCKED
[2025-12-01 09:06:25] DOOR LOCKED
[2025-12-01 09:06:26] AUTO-LOCK ACTIVATED (timer expired)
[2025-12-01 09:39:50] SYSTEM BOOT — door locked
[2025-12-01 09:40:54] DOOR UNLOCKED (password correct)
[2025-12-01 09:41:24] DOOR LOCKED
[2025-12-01 09:41:25] AUTO-LOCK ACTIVATED (timer expired)
[2025-12-01 09:45:10] WRONG PASSWORD ATTEMPT (1/3)
[2025-12-01 09:45:13] WRONG PASSWORD ATTEMPT (2/3)
[2025-12-01 09:45:15] WRONG PASSWORD ATTEMPT (3/3)
[2025-12-01 09:45:15] ALARM TRIGGERED — too many wrong attempts
[2025-12-01 09:45:21] DOOR LOCKED
[2025-12-01 11:06:51] SYSTEM BOOT — door locked
[2025-12-01 11:09:16] DOOR UNLOCKED (password correct)
[2025-12-01 11:09:19] DOOR LOCKED
[2025-12-01 11:09:46] DOOR LOCKED
[2025-12-01 11:09:47] AUTO-LOCK ACTIVATED (timer expired)
[2025-12-01 11:13:57] SYSTEM BOOT — door locked
[2025-12-01 11:15:09] DOOR UNLOCKED (password correct)
[2025-12-01 11:15:40] DOOR LOCKED
[2025-12-01 11:15:40] AUTO-LOCK ACTIVATED (timer expired)
[2025-12-01 11:15:59] WRONG PASSWORD ATTEMPT (1/3)
[2025-12-01 11:16:11] WRONG PASSWORD ATTEMPT (2/3)
[2025-12-01 11:16:40] WRONG PASSWORD ATTEMPT (3/3)
[2025-12-01 11:16:40] ALARM TRIGGERED — too many wrong attempts
[2025-12-01 11:16:46] DOOR LOCKED
[2025-12-01 11:17:30] PASSWORD CHANGED SUCCESSFULLY
[2025-12-01 11:17:44] WRONG PASSWORD ATTEMPT (1/3)
[2025-12-01 11:17:55] DOOR UNLOCKED (password correct)
[2025-12-11 14:08:03] SYSTEM BOOT — door locked
[2025-12-11 14:10:31] DOOR UNLOCKED (password correct)
[2025-12-11 14:11:02] DOOR LOCKED
[2025-12-11 14:11:02] AUTO-LOCK ACTIVATED (timer expired)
[2025-12-11 14:14:51] DOOR UNLOCKED (password correct)
[2025-12-11 14:15:07] DOOR LOCKED
[2025-12-11 14:15:10] DOOR UNLOCKED (password correct)
[2025-12-11 14:15:12] DOOR LOCKED
[2025-12-11 14:15:30] DOOR UNLOCKED (password correct)
[2025-12-11 14:16:00] DOOR LOCKED
[2025-12-11 14:16:00] AUTO-LOCK ACTIVATED (timer expired)
[2025-12-11 14:16:23] DOOR UNLOCKED (password correct)
[2025-12-11 14:16:53] DOOR LOCKED
[2025-12-11 14:16:54] AUTO-LOCK ACTIVATED (timer expired)
[2025-12-11 14:17:41] DOOR UNLOCKED (password correct)
[2025-12-11 14:18:12] DOOR LOCKED
[2025-12-11 14:18:12] AUTO-LOCK ACTIVATED (timer expired)
[2025-12-11 14:18:26] DOOR UNLOCKED (password correct)
[2025-12-11 14:18:29] DOOR LOCKED
[2025-12-11 14:18:45] WRONG PASSWORD ATTEMPT (1/3)
[2025-12-11 14:18:49] WRONG PASSWORD ATTEMPT (2/3)
[2025-12-11 14:18:52] WRONG PASSWORD ATTEMPT (3/3)
[2025-12-11 14:18:52] ALARM TRIGGERED — too many wrong attempts
[2025-12-11 14:18:56] DOOR LOCKED
[2025-12-11 14:18:57] AUTO-LOCK ACTIVATED (timer expired)
[2025-12-11 14:18:58] DOOR LOCKED
[2025-12-11 14:19:10] WRONG PASSWORD ATTEMPT (1/3)
[2025-12-11 14:19:13] WRONG PASSWORD ATTEMPT (2/3)
[2025-12-11 14:19:17] WRONG PASSWORD ATTEMPT (3/3)
[2025-12-11 14:19:17] ALARM TRIGGERED — too many wrong attempts
[2025-12-11 14:19:23] DOOR LOCKED
[2025-12-11 14:19:51] PASSWORD CHANGED SUCCESSFULLY
[2025-12-11 14:23:54] WRONG PASSWORD ATTEMPT (1/3)
[2025-12-11 14:24:18] WRONG PASSWORD ATTEMPT (2/3)
[2025-12-11 14:24:29] WRONG PASSWORD ATTEMPT (3/3)
[2025-12-11 14:24:29] ALARM TRIGGERED — too many wrong attempts
[2025-12-11 14:24:35] DOOR LOCKED
[2025-12-11 14:24:40] DOOR UNLOCKED (password correct)
[2025-12-11 14:29:59] SYSTEM BOOT — door locked
[2025-12-11 14:30:15] DOOR UNLOCKED (password correct)
[2025-12-11 14:30:45] DOOR LOCKED
[2025-12-11 14:30:46] AUTO-LOCK ACTIVATED (timer expired)
[2025-12-11 14:30:50] DOOR UNLOCKED (password correct)
[2025-12-11 14:30:52] DOOR LOCKED
[2025-12-11 14:31:00] WRONG PASSWORD ATTEMPT (1/3)
[2025-12-11 14:31:04] WRONG PASSWORD ATTEMPT (2/3)
[2025-12-11 14:31:08] WRONG PASSWORD ATTEMPT (3/3)
[2025-12-11 14:31:08] ALARM TRIGGERED — too many wrong attempts
[2025-12-11 14:31:15] DOOR LOCKED
[2025-12-11 14:31:20] DOOR LOCKED
[2025-12-11 14:31:20] AUTO-LOCK ACTIVATED (timer expired)
[2025-12-11 14:31:27] PASSWORD CHANGED SUCCESSFULLY
